This is TeX, Version 3.1415926 (TeX Live 2013/Debian) (format=tex 2018.3.27)  1 AUG 2018 16:36
**dirtree.ins
(./dirtree.ins (/usr/share/texlive/texmf-dist/tex/latex/base/docstrip.tex
\blockLevel=\count26
\emptyLines=\count27
\processedLines=\count28
\commentsRemoved=\count29
\commentsPassed=\count30
\codeLinesPassed=\count31
\TotalprocessedLines=\count32
\TotalcommentsRemoved=\count33
\TotalcommentsPassed=\count34
\TotalcodeLinesPassed=\count35
\NumberOfFiles=\count36
\inFile=\read0
\inputcheck=\read1
\@tempcnta=\count37
\off@0=\count38
\off@1=\count39
\off@2=\count40
\off@3=\count41
\off@4=\count42
\off@5=\count43
\off@6=\count44
\off@7=\count45
\off@8=\count46
\off@9=\count47
\off@10=\count48
\off@11=\count49
\off@12=\count50
\off@13=\count51
\off@14=\count52
\off@15=\count53
\@temptokena=\toks12
\@maxfiles=\count54
\@maxoutfiles=\count55

Utility: `docstrip' 2.5d <2005/07/29>
English documentation    <1999/03/31>

**********************************************************
* This program converts documented macro-files into fast *
* loadable files by stripping off (nearly) all comments! *
**********************************************************

********************************************************
* No Configuration file found, using default settings. *
********************************************************

(./dirtree.ins
*** Generating the `dirtree' package ***

Generating file(s) dirtree.tex 
\openout0 = `dirtree.tex'.


Processing file dirtree.dtx (tex) -> dirtree.tex
Lines  processed: 825
Comments removed: 609
Comments  passed: 23
Codelines passed: 185


Generating file(s) dirtree.sty 
\openout0 = `dirtree.sty'.


Processing file dirtree.dtx (latex-wrapper) -> dirtree.sty
Lines  processed: 825
Comments removed: 609
Comments  passed: 23
Codelines passed: 185

***********************************************************
*
* To finish the installation you have to move the files
* dirtree.sty and dirtree.tex in a directory/folder searched by TeX.
*
* To produce the documentation, run the file `dirtree.dtx'
* through LaTeX.
*
* If you require the commented code, desactivating the
* OnlyDescription macro, you must recompile, execute:
* `makeindex -s gind.ist dirtree'
* `makeindex -s gglo.ist -o dirtree.gls dirtree.glo'
* and recompile.
*
***********************************************************
)
Overall statistics:
Files  processed: 2
Lines  processed: 1650
Comments removed: 1218
Comments  passed: 46
Codelines passed: 370
 ) )
No pages of output.
